2020-04-03 11:59:00,440 - ocweb - INFO - oc_web登录的url为：https://oc-api-uat.nailtutu.com/oauth/login
2020-04-03 11:59:00,440 - ocweb - INFO - 账号【admin@sunvalley.com.cn】开始登录oc_web......
2020-04-03 11:59:00,440 - ocweb - INFO - 请求的参数为:{'client_id': 'd6165bbf3d804c6196c0c6d7201de970', 'client_secret': '25f9e794323b453885f5181f1b624d0b', 'scope': 'all', 'grant_type': 'password', 'email': 'admin@sunvalley.com.cn', 'password': '7d3b32520a0dfa5b64055b1c1a0981d1', 'auth_type': 'email_password'}
2020-04-03 11:59:00,692 - ocweb - INFO - 返回的参数为:{'stateCode': 200, 'stateMsg': 'OK', 'data': {'access_token': '5cb77bf7-75f0-4664-b6f9-f879e5e341af', 'token_type': 'bearer', 'refresh_token': '147b452b-0d12-4e65-b28e-54ecb1ccf1dd', 'expires_in': 20482, 'scope': 'all'}}
2020-04-03 11:59:00,696 - single - INFO - 上传-单图(缩略图自适应版)的URL为:https://oc-api-uat.nailtutu.com/file/picture-upload/single?timeStamp=20200403115900&access_token=5cb77bf7-75f0-4664-b6f9-f879e5e341af
2020-04-03 11:59:00,697 - single - INFO - 请求参数为{'targetid': '4305685b17aa11e9b53f005056ad4128', 'sizes': '240x360', 'with': 360, 'height': 360, 'dpi': 120, 'quality': 0.95, 'proportion': 3}
2020-04-03 11:59:01,078 - single - INFO - 返回值为：{'stateCode': 200, 'stateMsg': 'OK', 'data': {'pictureUrl': '/tutu/system/20200403115901035_823241.jpg', 'thumbnailPictureUrl': '/tutu/system/20200403115901035_823241.jpg_360x360.jpg', 'standardPictureUrl': '', 'pictureName': 'T336F_yanyanghuakai501.jpg', 'pictureWidth': 501, 'pictureHeight': 501, 'stateMsg': '', 'taskId': ''}}
2020-04-03 11:59:01,081 - single - INFO - 请求参数为{'targetid': '4305685b17aa11e9b53f005056ad4128', 'sizes': '240x360', 'with': 500, 'height': 500, 'dpi': 120, 'quality': 0.95, 'proportion': 3}
2020-04-03 11:59:01,857 - single - INFO - 返回值为：{'stateCode': 200, 'stateMsg': 'OK', 'data': {'pictureUrl': '/tutu/system/20200403115901762_046066.jpg', 'thumbnailPictureUrl': '/tutu/system/20200403115901762_046066.jpg_500x500.jpg', 'standardPictureUrl': '', 'pictureName': 'T336F_yanyanghuakai1125.jpg', 'pictureWidth': 1125, 'pictureHeight': 1125, 'stateMsg': '', 'taskId': ''}}
2020-04-03 11:59:01,858 - single - INFO - 请求参数为{'targetid': '4305685b17aa11e9b53f005056ad4128', 'sizes': '240x360', 'proportion': True}
2020-04-03 11:59:03,181 - single - INFO - 返回值为：{'stateCode': 200, 'stateMsg': 'OK', 'data': {'pictureUrl': '/tutu/system/20200403115903123_232514.jpg', 'thumbnailPictureUrl': '/tutu/system/20200403115903123_232514.jpg_240x360.jpg', 'standardPictureUrl': '', 'pictureName': 'T336F_01.jpg', 'pictureWidth': 600, 'pictureHeight': 900, 'stateMsg': '', 'taskId': ''}}
2020-04-03 11:59:03,182 - single - INFO - 请求参数为{'targetid': '4305685b17aa11e9b53f005056ad4128', 'sizes': '240x360', 'proportion': True}
2020-04-03 11:59:04,409 - single - INFO - 返回值为：{'stateCode': 200, 'stateMsg': 'OK', 'data': {'pictureUrl': '/tutu/system/20200403115904344_203964.jpg', 'thumbnailPictureUrl': '/tutu/system/20200403115904344_203964.jpg_240x360.jpg', 'standardPictureUrl': '', 'pictureName': 'T336F_02.jpg', 'pictureWidth': 600, 'pictureHeight': 900, 'stateMsg': '', 'taskId': ''}}
2020-04-03 11:59:04,411 - single - INFO - 请求参数为{'targetid': '4305685b17aa11e9b53f005056ad4128', 'sizes': '240x360', 'proportion': True}
2020-04-03 11:59:05,649 - single - INFO - 返回值为：{'stateCode': 200, 'stateMsg': 'OK', 'data': {'pictureUrl': '/tutu/system/20200403115905597_937191.jpg', 'thumbnailPictureUrl': '/tutu/system/20200403115905597_937191.jpg_240x360.jpg', 'standardPictureUrl': '', 'pictureName': 'T336F_03.jpg', 'pictureWidth': 600, 'pictureHeight': 900, 'stateMsg': '', 'taskId': ''}}
2020-04-03 11:59:05,649 - single - INFO - 请求参数为{'targetid': '4305685b17aa11e9b53f005056ad4128', 'sizes': '240x360', 'proportion': True}
2020-04-03 11:59:06,788 - single - INFO - 返回值为：{'stateCode': 200, 'stateMsg': 'OK', 'data': {'pictureUrl': '/tutu/system/20200403115906734_122874.jpg', 'thumbnailPictureUrl': '/tutu/system/20200403115906734_122874.jpg_240x360.jpg', 'standardPictureUrl': '', 'pictureName': 'T336F_04.jpg', 'pictureWidth': 600, 'pictureHeight': 900, 'stateMsg': '', 'taskId': ''}}
2020-04-03 11:59:49,409 - ocweb - INFO - oc_web登录的url为：https://oc-api-uat.nailtutu.com/oauth/login
2020-04-03 11:59:49,410 - ocweb - INFO - 账号【admin@sunvalley.com.cn】开始登录oc_web......
2020-04-03 11:59:49,410 - ocweb - INFO - 请求的参数为:{'client_id': 'd6165bbf3d804c6196c0c6d7201de970', 'client_secret': '25f9e794323b453885f5181f1b624d0b', 'scope': 'all', 'grant_type': 'password', 'email': 'admin@sunvalley.com.cn', 'password': '7d3b32520a0dfa5b64055b1c1a0981d1', 'auth_type': 'email_password'}
2020-04-03 11:59:49,615 - ocweb - INFO - 返回的参数为:{'stateCode': 200, 'stateMsg': 'OK', 'data': {'access_token': '5cb77bf7-75f0-4664-b6f9-f879e5e341af', 'token_type': 'bearer', 'refresh_token': '147b452b-0d12-4e65-b28e-54ecb1ccf1dd', 'expires_in': 20433, 'scope': 'all'}}
2020-04-03 11:59:49,619 - single - INFO - 上传-单图(缩略图自适应版)的URL为:https://oc-api-uat.nailtutu.com/file/picture-upload/single?timeStamp=20200403115949&access_token=5cb77bf7-75f0-4664-b6f9-f879e5e341af
2020-04-03 11:59:49,620 - single - INFO - 请求参数为{'targetid': '4305685b17aa11e9b53f005056ad4128', 'sizes': '240x360', 'with': 360, 'height': 360, 'dpi': 120, 'quality': 0.95, 'proportion': 3}
2020-04-03 11:59:49,997 - single - INFO - 返回值为：{'stateCode': 200, 'stateMsg': 'OK', 'data': {'pictureUrl': '/tutu/system/20200403115949956_475376.jpg', 'thumbnailPictureUrl': '/tutu/system/20200403115949956_475376.jpg_360x360.jpg', 'standardPictureUrl': '', 'pictureName': 'T336F_yanyanghuakai501.jpg', 'pictureWidth': 501, 'pictureHeight': 501, 'stateMsg': '', 'taskId': ''}}
2020-04-03 11:59:50,002 - single - INFO - 请求参数为{'targetid': '4305685b17aa11e9b53f005056ad4128', 'sizes': '240x360', 'with': 500, 'height': 500, 'dpi': 120, 'quality': 0.95, 'proportion': 3}
2020-04-03 11:59:50,772 - single - INFO - 返回值为：{'stateCode': 200, 'stateMsg': 'OK', 'data': {'pictureUrl': '/tutu/system/20200403115950690_430423.jpg', 'thumbnailPictureUrl': '/tutu/system/20200403115950690_430423.jpg_500x500.jpg', 'standardPictureUrl': '', 'pictureName': 'T336F_yanyanghuakai1125.jpg', 'pictureWidth': 1125, 'pictureHeight': 1125, 'stateMsg': '', 'taskId': ''}}
2020-04-03 11:59:50,774 - single - INFO - 请求参数为{'targetid': '4305685b17aa11e9b53f005056ad4128', 'sizes': '240x360', 'proportion': True}
2020-04-03 11:59:52,103 - single - INFO - 返回值为：{'stateCode': 200, 'stateMsg': 'OK', 'data': {'pictureUrl': '/tutu/system/20200403115952049_460596.jpg', 'thumbnailPictureUrl': '/tutu/system/20200403115952049_460596.jpg_240x360.jpg', 'standardPictureUrl': '', 'pictureName': 'T336F_01.jpg', 'pictureWidth': 600, 'pictureHeight': 900, 'stateMsg': '', 'taskId': ''}}
2020-04-03 11:59:52,104 - single - INFO - 请求参数为{'targetid': '4305685b17aa11e9b53f005056ad4128', 'sizes': '240x360', 'proportion': True}
2020-04-03 11:59:53,303 - single - INFO - 返回值为：{'stateCode': 200, 'stateMsg': 'OK', 'data': {'pictureUrl': '/tutu/system/20200403115953254_198803.jpg', 'thumbnailPictureUrl': '/tutu/system/20200403115953254_198803.jpg_240x360.jpg', 'standardPictureUrl': '', 'pictureName': 'T336F_02.jpg', 'pictureWidth': 600, 'pictureHeight': 900, 'stateMsg': '', 'taskId': ''}}
2020-04-03 11:59:53,304 - single - INFO - 请求参数为{'targetid': '4305685b17aa11e9b53f005056ad4128', 'sizes': '240x360', 'proportion': True}
2020-04-03 11:59:54,521 - single - INFO - 返回值为：{'stateCode': 200, 'stateMsg': 'OK', 'data': {'pictureUrl': '/tutu/system/20200403115954470_695632.jpg', 'thumbnailPictureUrl': '/tutu/system/20200403115954470_695632.jpg_240x360.jpg', 'standardPictureUrl': '', 'pictureName': 'T336F_03.jpg', 'pictureWidth': 600, 'pictureHeight': 900, 'stateMsg': '', 'taskId': ''}}
2020-04-03 11:59:54,523 - single - INFO - 请求参数为{'targetid': '4305685b17aa11e9b53f005056ad4128', 'sizes': '240x360', 'proportion': True}
2020-04-03 11:59:55,705 - single - INFO - 返回值为：{'stateCode': 200, 'stateMsg': 'OK', 'data': {'pictureUrl': '/tutu/system/20200403115955660_167662.jpg', 'thumbnailPictureUrl': '/tutu/system/20200403115955660_167662.jpg_240x360.jpg', 'standardPictureUrl': '', 'pictureName': 'T336F_04.jpg', 'pictureWidth': 600, 'pictureHeight': 900, 'stateMsg': '', 'taskId': ''}}
