2020-04-14 16:19:57,074 - ocweb - INFO - oc_web登录的url为：https://oc-api-uat.nailtutu.com/oauth/login
2020-04-14 16:19:57,074 - ocweb - INFO - 账号【admin@sunvalley.com.cn】开始登录oc_web......
2020-04-14 16:19:57,074 - ocweb - INFO - 请求的参数为:{'client_id': 'd6165bbf3d804c6196c0c6d7201de970', 'client_secret': '25f9e794323b453885f5181f1b624d0b', 'scope': 'all', 'grant_type': 'password', 'email': 'admin@sunvalley.com.cn', 'password': '7d3b32520a0dfa5b64055b1c1a0981d1', 'auth_type': 'email_password'}
2020-04-14 16:19:57,577 - ocweb - INFO - 返回的参数为:{'stateCode': 200, 'stateMsg': 'OK', 'data': {'access_token': 'ed6b4655-ae7f-44e9-abe8-fddd9f774f3f', 'token_type': 'bearer', 'refresh_token': '0283aaef-50fb-4c0f-be3f-5120357de978', 'expires_in': 28483, 'scope': 'all'}}
2020-04-14 16:19:57,581 - queryTagInfo - INFO - url为:https://oc-api-uat.nailtutu.com/oc/tOcTagInfo/queryTagInfo?access_token=ed6b4655-ae7f-44e9-abe8-fddd9f774f3f&lang=zh&timeStamp=20200414161957
2020-04-14 16:19:57,581 - queryTagInfo - INFO - 请求的参数为:{'tagName': 'ins风', 'currentPage': 1, 'pageSize': 100, 'orderBy': 'sort_number DESC,modify_time DESC', 'beginDate': None, 'endDate': None}
2020-04-14 16:19:57,873 - queryTagInfo - INFO - 返回的参数为:{'stateCode': 200, 'stateMsg': 'OK', 'currentPage': 1, 'pageSize': 100, 'totalNum': 1, 'totalPage': 1, 'data': [{'id': 'f065f067331241f3b79554d6d8ea72f0', 'tagName': 'ins风', 'tagDescribe': '', 'sortNumber': 0, 'tagStatus': 2, 'creatorId': '0463372db7ce402ab6f99574cc4d8d09', 'creatorName': 'admin@sunvalley.com.cn', 'createTime': '2020-04-07T06:10:44.000+0000', 'modifierId': '0463372db7ce402ab6f99574cc4d8d09', 'modifierName': 'admin@sunvalley.com.cn', 'modifyTime': '2020-04-07T06:53:25.000+0000', 'recordState': 0, 'tagType': 1, 'pictureTotal': 3}]}
2020-04-14 16:19:57,874 - single - INFO - 上传-单图(缩略图自适应版)的URL为:https://oc-api-uat.nailtutu.com/file/picture-upload/single?timeStamp=20200414161957&access_token=ed6b4655-ae7f-44e9-abe8-fddd9f774f3f
2020-04-14 16:19:57,875 - single - INFO - 请求参数为{'targetid': '4305685b17aa11e9b53f005056ad4128', 'sizes': '240x360', 'proportion': True}
2020-04-14 16:19:58,861 - single - INFO - 返回值为：{'stateCode': 200, 'stateMsg': 'OK', 'data': {'pictureUrl': '/tutu/system/20200414161958791_405326.jpg', 'thumbnailPictureUrl': '/tutu/system/20200414161958791_405326.jpg_240x360.jpg', 'standardPictureUrl': '', 'pictureName': 'T0011G_01.jpg', 'pictureWidth': 600, 'pictureHeight': 900, 'stateMsg': '', 'taskId': ''}}
2020-04-14 16:19:58,861 - single - INFO - 请求参数为{'targetid': '4305685b17aa11e9b53f005056ad4128', 'sizes': '240x360', 'proportion': True}
2020-04-14 16:20:00,095 - single - INFO - 返回值为：{'stateCode': 200, 'stateMsg': 'OK', 'data': {'pictureUrl': '/tutu/system/20200414162000011_770866.jpg', 'thumbnailPictureUrl': '/tutu/system/20200414162000011_770866.jpg_240x360.jpg', 'standardPictureUrl': '', 'pictureName': 'T0011G_02.jpg', 'pictureWidth': 600, 'pictureHeight': 900, 'stateMsg': '', 'taskId': ''}}
2020-04-14 16:20:00,096 - single - INFO - 请求参数为{'targetid': '4305685b17aa11e9b53f005056ad4128', 'sizes': '240x360', 'proportion': True}
2020-04-14 16:20:01,061 - single - INFO - 返回值为：{'stateCode': 200, 'stateMsg': 'OK', 'data': {'pictureUrl': '/tutu/system/20200414162001003_715187.jpg', 'thumbnailPictureUrl': '/tutu/system/20200414162001003_715187.jpg_240x360.jpg', 'standardPictureUrl': '', 'pictureName': 'T0011G_03.jpg', 'pictureWidth': 600, 'pictureHeight': 900, 'stateMsg': '', 'taskId': ''}}
2020-04-14 16:20:01,063 - addSystemPic - INFO - url为:https://oc-api-uat.nailtutu.com/oc/tOcGalleryInfo/addSystemPic?access_token=ed6b4655-ae7f-44e9-abe8-fddd9f774f3f&lang=zh&timeStamp=20200414162001
2020-04-14 16:20:01,063 - addSystemPic - INFO - 请求的参数为:{'pictureList': [{'galleryName': 'T0011G_01.jpg', 'galleryUrl': '/tutu/system/20200414161958791_405326.jpg', 'galleryThumbnailUrl': '/tutu/system/20200414161958791_405326.jpg_240x360.jpg', 'isReleaseRemind': 0, 'tagIds': ['f065f067331241f3b79554d6d8ea72f0'], 'weight': 0}, {'galleryName': 'T0011G_02.jpg', 'galleryUrl': '/tutu/system/20200414162000011_770866.jpg', 'galleryThumbnailUrl': '/tutu/system/20200414162000011_770866.jpg_240x360.jpg', 'isReleaseRemind': 0, 'tagIds': ['f065f067331241f3b79554d6d8ea72f0'], 'weight': 0}, {'galleryName': 'T0011G_03.jpg', 'galleryUrl': '/tutu/system/20200414162001003_715187.jpg', 'galleryThumbnailUrl': '/tutu/system/20200414162001003_715187.jpg_240x360.jpg', 'isReleaseRemind': 0, 'tagIds': ['f065f067331241f3b79554d6d8ea72f0'], 'weight': 0}]}
2020-04-14 16:20:01,444 - addSystemPic - INFO - 返回的参数为:{'stateCode': 300013, 'stateMsg': '资源已存在', 'data': None}
2020-04-14 16:20:01,445 - queryTagInfo - INFO - url为:https://oc-api-uat.nailtutu.com/oc/tOcTagInfo/queryTagInfo?access_token=ed6b4655-ae7f-44e9-abe8-fddd9f774f3f&lang=zh&timeStamp=20200414162001
2020-04-14 16:20:01,446 - queryTagInfo - INFO - 请求的参数为:{'tagName': '卡通类', 'currentPage': 1, 'pageSize': 100, 'orderBy': 'sort_number DESC,modify_time DESC', 'beginDate': None, 'endDate': None}
2020-04-14 16:20:01,901 - queryTagInfo - INFO - 返回的参数为:{'stateCode': 200, 'stateMsg': 'OK', 'currentPage': 1, 'pageSize': 100, 'totalNum': 1, 'totalPage': 1, 'data': [{'id': 'b9b01b0d91904aa0b30ce22fef64d4fe', 'tagName': '卡通类', 'tagDescribe': '', 'sortNumber': 0, 'tagStatus': 2, 'creatorId': '0463372db7ce402ab6f99574cc4d8d09', 'creatorName': 'admin@sunvalley.com.cn', 'createTime': '2020-04-14T07:40:10.000+0000', 'modifierId': '0463372db7ce402ab6f99574cc4d8d09', 'modifierName': 'admin@sunvalley.com.cn', 'modifyTime': '2020-04-14T07:40:10.000+0000', 'recordState': 0, 'tagType': 1, 'pictureTotal': 8}]}
2020-04-14 16:20:01,901 - single - INFO - 上传-单图(缩略图自适应版)的URL为:https://oc-api-uat.nailtutu.com/file/picture-upload/single?timeStamp=20200414162001&access_token=ed6b4655-ae7f-44e9-abe8-fddd9f774f3f
2020-04-14 16:20:01,902 - single - INFO - 请求参数为{'targetid': '4305685b17aa11e9b53f005056ad4128', 'sizes': '240x360', 'proportion': True}
2020-04-14 16:20:02,336 - single - INFO - 返回值为：{'stateCode': 200, 'stateMsg': 'OK', 'data': {'pictureUrl': '/tutu/system/20200414162002305_263475.jpg', 'thumbnailPictureUrl': '/tutu/system/20200414162002305_263475.jpg_240x360.jpg', 'standardPictureUrl': '', 'pictureName': 'T0102C_01.jpg', 'pictureWidth': 600, 'pictureHeight': 900, 'stateMsg': '', 'taskId': ''}}
2020-04-14 16:20:02,337 - single - INFO - 请求参数为{'targetid': '4305685b17aa11e9b53f005056ad4128', 'sizes': '240x360', 'proportion': True}
2020-04-14 16:20:04,681 - single - INFO - 返回值为：{'stateCode': 200, 'stateMsg': 'OK', 'data': {'pictureUrl': '/tutu/system/20200414162004624_580220.jpg', 'thumbnailPictureUrl': '/tutu/system/20200414162004624_580220.jpg_240x360.jpg', 'standardPictureUrl': '', 'pictureName': 'T0103C_02.jpg', 'pictureWidth': 600, 'pictureHeight': 900, 'stateMsg': '', 'taskId': ''}}
2020-04-14 16:20:04,682 - single - INFO - 请求参数为{'targetid': '4305685b17aa11e9b53f005056ad4128', 'sizes': '240x360', 'proportion': True}
2020-04-14 16:20:07,370 - single - INFO - 返回值为：{'stateCode': 200, 'stateMsg': 'OK', 'data': {'pictureUrl': '/tutu/system/20200414162007292_821794.jpg', 'thumbnailPictureUrl': '/tutu/system/20200414162007292_821794.jpg_240x360.jpg', 'standardPictureUrl': '', 'pictureName': 'T0103C_03.jpg', 'pictureWidth': 600, 'pictureHeight': 900, 'stateMsg': '', 'taskId': ''}}
2020-04-14 16:20:07,372 - single - INFO - 请求参数为{'targetid': '4305685b17aa11e9b53f005056ad4128', 'sizes': '240x360', 'proportion': True}
2020-04-14 16:20:07,881 - single - INFO - 返回值为：{'stateCode': 200, 'stateMsg': 'OK', 'data': {'pictureUrl': '/tutu/system/20200414162007846_501626.jpg', 'thumbnailPictureUrl': '/tutu/system/20200414162007846_501626.jpg_240x360.jpg', 'standardPictureUrl': '', 'pictureName': 'T0103C_04.jpg', 'pictureWidth': 600, 'pictureHeight': 900, 'stateMsg': '', 'taskId': ''}}
2020-04-14 16:20:07,882 - single - INFO - 请求参数为{'targetid': '4305685b17aa11e9b53f005056ad4128', 'sizes': '240x360', 'proportion': True}
2020-04-14 16:20:08,588 - single - INFO - 返回值为：{'stateCode': 200, 'stateMsg': 'OK', 'data': {'pictureUrl': '/tutu/system/20200414162008401_480645.jpg', 'thumbnailPictureUrl': '/tutu/system/20200414162008401_480645.jpg_240x360.jpg', 'standardPictureUrl': '', 'pictureName': 'T0205C_04.jpg', 'pictureWidth': 600, 'pictureHeight': 900, 'stateMsg': '', 'taskId': ''}}
2020-04-14 16:20:08,589 - single - INFO - 请求参数为{'targetid': '4305685b17aa11e9b53f005056ad4128', 'sizes': '240x360', 'proportion': True}
2020-04-14 16:20:09,310 - single - INFO - 返回值为：{'stateCode': 200, 'stateMsg': 'OK', 'data': {'pictureUrl': '/tutu/system/20200414162009266_940923.jpg', 'thumbnailPictureUrl': '/tutu/system/20200414162009266_940923.jpg_240x360.jpg', 'standardPictureUrl': '', 'pictureName': 'T0424C_01.jpg', 'pictureWidth': 600, 'pictureHeight': 900, 'stateMsg': '', 'taskId': ''}}
2020-04-14 16:20:09,312 - single - INFO - 请求参数为{'targetid': '4305685b17aa11e9b53f005056ad4128', 'sizes': '240x360', 'proportion': True}
2020-04-14 16:20:09,778 - single - INFO - 返回值为：{'stateCode': 200, 'stateMsg': 'OK', 'data': {'pictureUrl': '/tutu/system/20200414162009741_642336.jpg', 'thumbnailPictureUrl': '/tutu/system/20200414162009741_642336.jpg_240x360.jpg', 'standardPictureUrl': '', 'pictureName': 'T0424C_02.jpg', 'pictureWidth': 600, 'pictureHeight': 900, 'stateMsg': '', 'taskId': ''}}
2020-04-14 16:20:09,780 - single - INFO - 请求参数为{'targetid': '4305685b17aa11e9b53f005056ad4128', 'sizes': '240x360', 'proportion': True}
2020-04-14 16:20:10,540 - single - INFO - 返回值为：{'stateCode': 200, 'stateMsg': 'OK', 'data': {'pictureUrl': '/tutu/system/20200414162010489_436639.jpg', 'thumbnailPictureUrl': '/tutu/system/20200414162010489_436639.jpg_240x360.jpg', 'standardPictureUrl': '', 'pictureName': 'T0424C_03.jpg', 'pictureWidth': 600, 'pictureHeight': 900, 'stateMsg': '', 'taskId': ''}}
2020-04-14 16:20:10,541 - addSystemPic - INFO - url为:https://oc-api-uat.nailtutu.com/oc/tOcGalleryInfo/addSystemPic?access_token=ed6b4655-ae7f-44e9-abe8-fddd9f774f3f&lang=zh&timeStamp=20200414162010
2020-04-14 16:20:10,542 - addSystemPic - INFO - 请求的参数为:{'pictureList': [{'galleryName': 'T0102C_01.jpg', 'galleryUrl': '/tutu/system/20200414162002305_263475.jpg', 'galleryThumbnailUrl': '/tutu/system/20200414162002305_263475.jpg_240x360.jpg', 'isReleaseRemind': 0, 'tagIds': ['b9b01b0d91904aa0b30ce22fef64d4fe'], 'weight': 0}, {'galleryName': 'T0103C_02.jpg', 'galleryUrl': '/tutu/system/20200414162004624_580220.jpg', 'galleryThumbnailUrl': '/tutu/system/20200414162004624_580220.jpg_240x360.jpg', 'isReleaseRemind': 0, 'tagIds': ['b9b01b0d91904aa0b30ce22fef64d4fe'], 'weight': 0}, {'galleryName': 'T0103C_03.jpg', 'galleryUrl': '/tutu/system/20200414162007292_821794.jpg', 'galleryThumbnailUrl': '/tutu/system/20200414162007292_821794.jpg_240x360.jpg', 'isReleaseRemind': 0, 'tagIds': ['b9b01b0d91904aa0b30ce22fef64d4fe'], 'weight': 0}, {'galleryName': 'T0103C_04.jpg', 'galleryUrl': '/tutu/system/20200414162007846_501626.jpg', 'galleryThumbnailUrl': '/tutu/system/20200414162007846_501626.jpg_240x360.jpg', 'isReleaseRemind': 0, 'tagIds': ['b9b01b0d91904aa0b30ce22fef64d4fe'], 'weight': 0}, {'galleryName': 'T0205C_04.jpg', 'galleryUrl': '/tutu/system/20200414162008401_480645.jpg', 'galleryThumbnailUrl': '/tutu/system/20200414162008401_480645.jpg_240x360.jpg', 'isReleaseRemind': 0, 'tagIds': ['b9b01b0d91904aa0b30ce22fef64d4fe'], 'weight': 0}, {'galleryName': 'T0424C_01.jpg', 'galleryUrl': '/tutu/system/20200414162009266_940923.jpg', 'galleryThumbnailUrl': '/tutu/system/20200414162009266_940923.jpg_240x360.jpg', 'isReleaseRemind': 0, 'tagIds': ['b9b01b0d91904aa0b30ce22fef64d4fe'], 'weight': 0}, {'galleryName': 'T0424C_02.jpg', 'galleryUrl': '/tutu/system/20200414162009741_642336.jpg', 'galleryThumbnailUrl': '/tutu/system/20200414162009741_642336.jpg_240x360.jpg', 'isReleaseRemind': 0, 'tagIds': ['b9b01b0d91904aa0b30ce22fef64d4fe'], 'weight': 0}, {'galleryName': 'T0424C_03.jpg', 'galleryUrl': '/tutu/system/20200414162010489_436639.jpg', 'galleryThumbnailUrl': '/tutu/system/20200414162010489_436639.jpg_240x360.jpg', 'isReleaseRemind': 0, 'tagIds': ['b9b01b0d91904aa0b30ce22fef64d4fe'], 'weight': 0}]}
2020-04-14 16:20:10,720 - addSystemPic - INFO - 返回的参数为:{'stateCode': 300013, 'stateMsg': '资源已存在', 'data': None}
2020-04-14 16:20:10,721 - queryTagInfo - INFO - url为:https://oc-api-uat.nailtutu.com/oc/tOcTagInfo/queryTagInfo?access_token=ed6b4655-ae7f-44e9-abe8-fddd9f774f3f&lang=zh&timeStamp=20200414162010
2020-04-14 16:20:10,721 - queryTagInfo - INFO - 请求的参数为:{'tagName': '基础款', 'currentPage': 1, 'pageSize': 100, 'orderBy': 'sort_number DESC,modify_time DESC', 'beginDate': None, 'endDate': None}
2020-04-14 16:20:10,856 - queryTagInfo - INFO - 返回的参数为:{'stateCode': 200, 'stateMsg': 'OK', 'currentPage': 1, 'pageSize': 100, 'totalNum': 1, 'totalPage': 1, 'data': [{'id': 'd432fa990c7342b8939ebcdf6675ffa6', 'tagName': '基础款', 'tagDescribe': '', 'sortNumber': 0, 'tagStatus': 2, 'creatorId': '0463372db7ce402ab6f99574cc4d8d09', 'creatorName': 'admin@sunvalley.com.cn', 'createTime': '2020-04-07T02:46:25.000+0000', 'modifierId': '0463372db7ce402ab6f99574cc4d8d09', 'modifierName': 'admin@sunvalley.com.cn', 'modifyTime': '2020-04-14T08:13:16.000+0000', 'recordState': 0, 'tagType': 1, 'pictureTotal': 3}]}
2020-04-14 16:20:10,857 - single - INFO - 上传-单图(缩略图自适应版)的URL为:https://oc-api-uat.nailtutu.com/file/picture-upload/single?timeStamp=20200414162010&access_token=ed6b4655-ae7f-44e9-abe8-fddd9f774f3f
2020-04-14 16:20:10,857 - single - INFO - 请求参数为{'targetid': '4305685b17aa11e9b53f005056ad4128', 'sizes': '240x360', 'proportion': True}
2020-04-14 16:20:12,071 - single - INFO - 返回值为：{'stateCode': 200, 'stateMsg': 'OK', 'data': {'pictureUrl': '/tutu/system/20200414162012018_095163.jpg', 'thumbnailPictureUrl': '/tutu/system/20200414162012018_095163.jpg_240x360.jpg', 'standardPictureUrl': '', 'pictureName': 'T0334G_02.jpg', 'pictureWidth': 600, 'pictureHeight': 900, 'stateMsg': '', 'taskId': ''}}
2020-04-14 16:20:12,072 - single - INFO - 请求参数为{'targetid': '4305685b17aa11e9b53f005056ad4128', 'sizes': '240x360', 'proportion': True}
2020-04-14 16:20:13,373 - single - INFO - 返回值为：{'stateCode': 200, 'stateMsg': 'OK', 'data': {'pictureUrl': '/tutu/system/20200414162013292_508631.jpg', 'thumbnailPictureUrl': '/tutu/system/20200414162013292_508631.jpg_240x360.jpg', 'standardPictureUrl': '', 'pictureName': 'T0334G_03.jpg', 'pictureWidth': 600, 'pictureHeight': 900, 'stateMsg': '', 'taskId': ''}}
2020-04-14 16:20:13,376 - single - INFO - 请求参数为{'targetid': '4305685b17aa11e9b53f005056ad4128', 'sizes': '240x360', 'proportion': True}
2020-04-14 16:20:14,064 - single - INFO - 返回值为：{'stateCode': 200, 'stateMsg': 'OK', 'data': {'pictureUrl': '/tutu/system/20200414162014013_281292.jpg', 'thumbnailPictureUrl': '/tutu/system/20200414162014013_281292.jpg_240x360.jpg', 'standardPictureUrl': '', 'pictureName': 'T0334G_04.jpg', 'pictureWidth': 600, 'pictureHeight': 900, 'stateMsg': '', 'taskId': ''}}
2020-04-14 16:20:14,065 - addSystemPic - INFO - url为:https://oc-api-uat.nailtutu.com/oc/tOcGalleryInfo/addSystemPic?access_token=ed6b4655-ae7f-44e9-abe8-fddd9f774f3f&lang=zh&timeStamp=20200414162014
2020-04-14 16:20:14,066 - addSystemPic - INFO - 请求的参数为:{'pictureList': [{'galleryName': 'T0334G_02.jpg', 'galleryUrl': '/tutu/system/20200414162012018_095163.jpg', 'galleryThumbnailUrl': '/tutu/system/20200414162012018_095163.jpg_240x360.jpg', 'isReleaseRemind': 0, 'tagIds': ['d432fa990c7342b8939ebcdf6675ffa6'], 'weight': 0}, {'galleryName': 'T0334G_03.jpg', 'galleryUrl': '/tutu/system/20200414162013292_508631.jpg', 'galleryThumbnailUrl': '/tutu/system/20200414162013292_508631.jpg_240x360.jpg', 'isReleaseRemind': 0, 'tagIds': ['d432fa990c7342b8939ebcdf6675ffa6'], 'weight': 0}, {'galleryName': 'T0334G_04.jpg', 'galleryUrl': '/tutu/system/20200414162014013_281292.jpg', 'galleryThumbnailUrl': '/tutu/system/20200414162014013_281292.jpg_240x360.jpg', 'isReleaseRemind': 0, 'tagIds': ['d432fa990c7342b8939ebcdf6675ffa6'], 'weight': 0}]}
2020-04-14 16:20:14,241 - addSystemPic - INFO - 返回的参数为:{'stateCode': 300013, 'stateMsg': '资源已存在', 'data': None}
2020-04-14 16:20:14,242 - ocweb - INFO - ocweb退出登录的URL为:https://oc-api-uat.nailtutu.com/oauth/logout?timeStamp=20200414162014&access_token=ed6b4655-ae7f-44e9-abe8-fddd9f774f3f&lang=zh
2020-04-14 16:20:14,242 - ocweb - INFO - 请求的参数为:{}
2020-04-14 16:20:14,396 - ocweb - INFO - 返回的参数为:{'stateCode': 200, 'stateMsg': 'OK'}
