2020-04-02 17:28:10,108 - ocweb - INFO - oc_web登录的url为：https://oc-api-uat.nailtutu.com/oauth/login
2020-04-02 17:28:10,108 - ocweb - INFO - 账号【admin@sunvalley.com.cn】开始登录oc_web......
2020-04-02 17:28:10,108 - ocweb - INFO - 请求的参数为:{'client_id': 'd6165bbf3d804c6196c0c6d7201de970', 'client_secret': '25f9e794323b453885f5181f1b624d0b', 'scope': 'all', 'grant_type': 'password', 'email': 'admin@sunvalley.com.cn', 'password': '7d3b32520a0dfa5b64055b1c1a0981d1', 'auth_type': 'email_password'}
2020-04-02 17:28:10,298 - ocweb - INFO - 返回的参数为:{'stateCode': 200, 'stateMsg': 'OK', 'data': {'access_token': '6a9d9281-cd92-40b8-9d93-9c2bf5a89b03', 'token_type': 'bearer', 'refresh_token': '86830892-9ba9-4aad-83e5-f49482cf2f7d', 'expires_in': 2910, 'scope': 'all'}}
2020-04-02 17:28:10,300 - single - INFO - 上传-单图(缩略图自适应版)的URL为:https://oc-api-uat.nailtutu.com/file/picture-upload/single?timeStamp=20200402172810&access_token=6a9d9281-cd92-40b8-9d93-9c2bf5a89b03
2020-04-02 17:28:10,300 - single - INFO - 请求参数为{'targetid': '4305685b17aa11e9b53f005056ad4128', 'sizes': '240x360', 'with': 360, 'height': 360, 'dpi': 120, 'quality': 0.95, 'proportion': 3}
2020-04-02 17:28:10,670 - single - INFO - 返回值为：{'stateCode': 200, 'stateMsg': 'OK', 'data': {'pictureUrl': '/tutu/system/20200402172810634_832620.jpg', 'thumbnailPictureUrl': '/tutu/system/20200402172810634_832620.jpg_360x360.jpg', 'standardPictureUrl': '', 'pictureName': 'T336F_yanyanghuakai501.jpg', 'pictureWidth': 501, 'pictureHeight': 501, 'stateMsg': '', 'taskId': ''}}
2020-04-02 17:28:20,691 - ocweb - INFO - oc_web登录的url为：https://oc-api-uat.nailtutu.com/oauth/login
2020-04-02 17:28:20,691 - ocweb - INFO - 账号【admin@sunvalley.com.cn】开始登录oc_web......
2020-04-02 17:28:20,691 - ocweb - INFO - 请求的参数为:{'client_id': 'd6165bbf3d804c6196c0c6d7201de970', 'client_secret': '25f9e794323b453885f5181f1b624d0b', 'scope': 'all', 'grant_type': 'password', 'email': 'admin@sunvalley.com.cn', 'password': '7d3b32520a0dfa5b64055b1c1a0981d1', 'auth_type': 'email_password'}
2020-04-02 17:28:20,902 - ocweb - INFO - 返回的参数为:{'stateCode': 200, 'stateMsg': 'OK', 'data': {'access_token': '6a9d9281-cd92-40b8-9d93-9c2bf5a89b03', 'token_type': 'bearer', 'refresh_token': '86830892-9ba9-4aad-83e5-f49482cf2f7d', 'expires_in': 2899, 'scope': 'all'}}
2020-04-02 17:28:20,904 - single - INFO - 上传-单图(缩略图自适应版)的URL为:https://oc-api-uat.nailtutu.com/file/picture-upload/single?timeStamp=20200402172820&access_token=6a9d9281-cd92-40b8-9d93-9c2bf5a89b03
2020-04-02 17:28:20,905 - single - INFO - 请求参数为{'targetid': '4305685b17aa11e9b53f005056ad4128', 'sizes': '240x360', 'with': 360, 'height': 360, 'dpi': 120, 'quality': 0.95, 'proportion': 3}
2020-04-02 17:28:21,278 - single - INFO - 返回值为：{'stateCode': 200, 'stateMsg': 'OK', 'data': {'pictureUrl': '/tutu/system/20200402172821235_247864.jpg', 'thumbnailPictureUrl': '/tutu/system/20200402172821235_247864.jpg_360x360.jpg', 'standardPictureUrl': '', 'pictureName': 'T336F_yanyanghuakai501.jpg', 'pictureWidth': 501, 'pictureHeight': 501, 'stateMsg': '', 'taskId': ''}}
2020-04-02 17:28:33,848 - ocweb - INFO - oc_web登录的url为：https://oc-api-uat.nailtutu.com/oauth/login
2020-04-02 17:28:33,849 - ocweb - INFO - 账号【admin@sunvalley.com.cn】开始登录oc_web......
2020-04-02 17:28:33,849 - ocweb - INFO - 请求的参数为:{'client_id': 'd6165bbf3d804c6196c0c6d7201de970', 'client_secret': '25f9e794323b453885f5181f1b624d0b', 'scope': 'all', 'grant_type': 'password', 'email': 'admin@sunvalley.com.cn', 'password': '7d3b32520a0dfa5b64055b1c1a0981d1', 'auth_type': 'email_password'}
2020-04-02 17:28:34,039 - ocweb - INFO - 返回的参数为:{'stateCode': 200, 'stateMsg': 'OK', 'data': {'access_token': '6a9d9281-cd92-40b8-9d93-9c2bf5a89b03', 'token_type': 'bearer', 'refresh_token': '86830892-9ba9-4aad-83e5-f49482cf2f7d', 'expires_in': 2886, 'scope': 'all'}}
2020-04-02 17:28:34,041 - single - INFO - 上传-单图(缩略图自适应版)的URL为:https://oc-api-uat.nailtutu.com/file/picture-upload/single?timeStamp=20200402172834&access_token=6a9d9281-cd92-40b8-9d93-9c2bf5a89b03
2020-04-02 17:28:34,042 - single - INFO - 请求参数为{'targetid': '4305685b17aa11e9b53f005056ad4128', 'sizes': '240x360', 'with': 360, 'height': 360, 'dpi': 120, 'quality': 0.95, 'proportion': 3}
2020-04-02 17:28:34,423 - single - INFO - 返回值为：{'stateCode': 200, 'stateMsg': 'OK', 'data': {'pictureUrl': '/tutu/system/20200402172834383_582577.jpg', 'thumbnailPictureUrl': '/tutu/system/20200402172834383_582577.jpg_360x360.jpg', 'standardPictureUrl': '', 'pictureName': 'T336F_yanyanghuakai501.jpg', 'pictureWidth': 501, 'pictureHeight': 501, 'stateMsg': '', 'taskId': ''}}
2020-04-02 17:28:49,048 - ocweb - INFO - oc_web登录的url为：https://oc-api-uat.nailtutu.com/oauth/login
2020-04-02 17:28:49,048 - ocweb - INFO - 账号【admin@sunvalley.com.cn】开始登录oc_web......
2020-04-02 17:28:49,049 - ocweb - INFO - 请求的参数为:{'client_id': 'd6165bbf3d804c6196c0c6d7201de970', 'client_secret': '25f9e794323b453885f5181f1b624d0b', 'scope': 'all', 'grant_type': 'password', 'email': 'admin@sunvalley.com.cn', 'password': '7d3b32520a0dfa5b64055b1c1a0981d1', 'auth_type': 'email_password'}
2020-04-02 17:28:49,274 - ocweb - INFO - 返回的参数为:{'stateCode': 200, 'stateMsg': 'OK', 'data': {'access_token': '6a9d9281-cd92-40b8-9d93-9c2bf5a89b03', 'token_type': 'bearer', 'refresh_token': '86830892-9ba9-4aad-83e5-f49482cf2f7d', 'expires_in': 2871, 'scope': 'all'}}
2020-04-02 17:28:49,277 - single - INFO - 上传-单图(缩略图自适应版)的URL为:https://oc-api-uat.nailtutu.com/file/picture-upload/single?timeStamp=20200402172849&access_token=6a9d9281-cd92-40b8-9d93-9c2bf5a89b03
2020-04-02 17:28:49,278 - single - INFO - 请求参数为{'targetid': '4305685b17aa11e9b53f005056ad4128', 'sizes': '240x360', 'with': 360, 'height': 360, 'dpi': 120, 'quality': 0.95, 'proportion': 3}
2020-04-02 17:28:49,658 - single - INFO - 返回值为：{'stateCode': 200, 'stateMsg': 'OK', 'data': {'pictureUrl': '/tutu/system/20200402172849618_647400.jpg', 'thumbnailPictureUrl': '/tutu/system/20200402172849618_647400.jpg_360x360.jpg', 'standardPictureUrl': '', 'pictureName': 'T336F_yanyanghuakai501.jpg', 'pictureWidth': 501, 'pictureHeight': 501, 'stateMsg': '', 'taskId': ''}}
2020-04-02 17:28:56,297 - ocweb - INFO - oc_web登录的url为：https://oc-api-uat.nailtutu.com/oauth/login
2020-04-02 17:28:56,297 - ocweb - INFO - 账号【admin@sunvalley.com.cn】开始登录oc_web......
2020-04-02 17:28:56,297 - ocweb - INFO - 请求的参数为:{'client_id': 'd6165bbf3d804c6196c0c6d7201de970', 'client_secret': '25f9e794323b453885f5181f1b624d0b', 'scope': 'all', 'grant_type': 'password', 'email': 'admin@sunvalley.com.cn', 'password': '7d3b32520a0dfa5b64055b1c1a0981d1', 'auth_type': 'email_password'}
2020-04-02 17:28:56,495 - ocweb - INFO - 返回的参数为:{'stateCode': 200, 'stateMsg': 'OK', 'data': {'access_token': '6a9d9281-cd92-40b8-9d93-9c2bf5a89b03', 'token_type': 'bearer', 'refresh_token': '86830892-9ba9-4aad-83e5-f49482cf2f7d', 'expires_in': 2864, 'scope': 'all'}}
2020-04-02 17:28:56,497 - single - INFO - 上传-单图(缩略图自适应版)的URL为:https://oc-api-uat.nailtutu.com/file/picture-upload/single?timeStamp=20200402172856&access_token=6a9d9281-cd92-40b8-9d93-9c2bf5a89b03
2020-04-02 17:28:56,498 - single - INFO - 请求参数为{'targetid': '4305685b17aa11e9b53f005056ad4128', 'sizes': '240x360', 'with': 360, 'height': 360, 'dpi': 120, 'quality': 0.95, 'proportion': 3}
2020-04-02 17:28:56,912 - single - INFO - 返回值为：{'stateCode': 200, 'stateMsg': 'OK', 'data': {'pictureUrl': '/tutu/system/20200402172856875_139247.jpg', 'thumbnailPictureUrl': '/tutu/system/20200402172856875_139247.jpg_360x360.jpg', 'standardPictureUrl': '', 'pictureName': 'T336F_yanyanghuakai501.jpg', 'pictureWidth': 501, 'pictureHeight': 501, 'stateMsg': '', 'taskId': ''}}
