2020-04-14 16:06:47,812 - ocweb - INFO - oc_web登录的url为：https://oc-api-uat.nailtutu.com/oauth/login
2020-04-14 16:06:47,812 - ocweb - INFO - 账号【admin@sunvalley.com.cn】开始登录oc_web......
2020-04-14 16:06:47,812 - ocweb - INFO - 请求的参数为:{'client_id': 'd6165bbf3d804c6196c0c6d7201de970', 'client_secret': '25f9e794323b453885f5181f1b624d0b', 'scope': 'all', 'grant_type': 'password', 'email': 'admin@sunvalley.com.cn', 'password': '7d3b32520a0dfa5b64055b1c1a0981d1', 'auth_type': 'email_password'}
2020-04-14 16:06:47,972 - ocweb - INFO - 返回的参数为:{'stateCode': 200, 'stateMsg': 'OK', 'data': {'access_token': '657b8a43-991c-4c41-8a39-f7dc4e8900ef', 'token_type': 'bearer', 'refresh_token': '4d3ac373-a32c-4519-ac8b-b7491c14173f', 'expires_in': 13011, 'scope': 'all'}}
2020-04-14 16:06:47,973 - queryTagInfo - INFO - url为:https://oc-api-uat.nailtutu.com/oc/tOcTagInfo/queryTagInfo?access_token=657b8a43-991c-4c41-8a39-f7dc4e8900ef&lang=zh&timeStamp=20200414160647
2020-04-14 16:06:47,974 - queryTagInfo - INFO - 请求的参数为:{'tagName': 'ins风', 'currentPage': 1, 'pageSize': 100, 'orderBy': 'sort_number DESC,modify_time DESC', 'beginDate': None, 'endDate': None}
2020-04-14 16:06:48,136 - queryTagInfo - INFO - 返回的参数为:{'stateCode': 200, 'stateMsg': 'OK', 'currentPage': 1, 'pageSize': 100, 'totalNum': 1, 'totalPage': 1, 'data': [{'id': 'f065f067331241f3b79554d6d8ea72f0', 'tagName': 'ins风', 'tagDescribe': '', 'sortNumber': 0, 'tagStatus': 2, 'creatorId': '0463372db7ce402ab6f99574cc4d8d09', 'creatorName': 'admin@sunvalley.com.cn', 'createTime': '2020-04-07T06:10:44.000+0000', 'modifierId': '0463372db7ce402ab6f99574cc4d8d09', 'modifierName': 'admin@sunvalley.com.cn', 'modifyTime': '2020-04-07T06:53:25.000+0000', 'recordState': 0, 'tagType': 1, 'pictureTotal': 0}]}
2020-04-14 16:06:48,138 - queryTagInfo - INFO - url为:https://oc-api-uat.nailtutu.com/oc/tOcTagInfo/queryTagInfo?access_token=657b8a43-991c-4c41-8a39-f7dc4e8900ef&lang=zh&timeStamp=20200414160648
2020-04-14 16:06:48,138 - queryTagInfo - INFO - 请求的参数为:{'tagName': '卡通类', 'currentPage': 1, 'pageSize': 100, 'orderBy': 'sort_number DESC,modify_time DESC', 'beginDate': None, 'endDate': None}
2020-04-14 16:06:48,275 - queryTagInfo - INFO - 返回的参数为:{'stateCode': 200, 'stateMsg': 'OK', 'currentPage': 1, 'pageSize': 100, 'totalNum': 1, 'totalPage': 1, 'data': [{'id': 'b9b01b0d91904aa0b30ce22fef64d4fe', 'tagName': '卡通类', 'tagDescribe': '', 'sortNumber': 0, 'tagStatus': 2, 'creatorId': '0463372db7ce402ab6f99574cc4d8d09', 'creatorName': 'admin@sunvalley.com.cn', 'createTime': '2020-04-14T07:40:10.000+0000', 'modifierId': '0463372db7ce402ab6f99574cc4d8d09', 'modifierName': 'admin@sunvalley.com.cn', 'modifyTime': '2020-04-14T07:40:10.000+0000', 'recordState': 0, 'tagType': 1, 'pictureTotal': 0}]}
2020-04-14 16:06:48,276 - queryTagInfo - INFO - url为:https://oc-api-uat.nailtutu.com/oc/tOcTagInfo/queryTagInfo?access_token=657b8a43-991c-4c41-8a39-f7dc4e8900ef&lang=zh&timeStamp=20200414160648
2020-04-14 16:06:48,276 - queryTagInfo - INFO - 请求的参数为:{'tagName': '基础款', 'currentPage': 1, 'pageSize': 100, 'orderBy': 'sort_number DESC,modify_time DESC', 'beginDate': None, 'endDate': None}
2020-04-14 16:06:48,424 - queryTagInfo - INFO - 返回的参数为:{'stateCode': 200, 'stateMsg': 'OK', 'currentPage': 1, 'pageSize': 100, 'totalNum': 1, 'totalPage': 1, 'data': [{'id': 'd432fa990c7342b8939ebcdf6675ffa6', 'tagName': '基础款', 'tagDescribe': '', 'sortNumber': 0, 'tagStatus': 2, 'creatorId': '0463372db7ce402ab6f99574cc4d8d09', 'creatorName': 'admin@sunvalley.com.cn', 'createTime': '2020-04-07T02:46:25.000+0000', 'modifierId': '0463372db7ce402ab6f99574cc4d8d09', 'modifierName': 'admin@sunvalley.com.cn', 'modifyTime': '2020-04-07T02:46:25.000+0000', 'recordState': 0, 'tagType': 1, 'pictureTotal': 7}]}
2020-04-14 16:06:48,425 - single - INFO - 上传-单图(缩略图自适应版)的URL为:https://oc-api-uat.nailtutu.com/file/picture-upload/single?timeStamp=20200414160648&access_token=657b8a43-991c-4c41-8a39-f7dc4e8900ef
2020-04-14 16:06:48,425 - single - INFO - 请求参数为{'targetid': '4305685b17aa11e9b53f005056ad4128', 'sizes': '240x360', 'proportion': True}
2020-04-14 16:06:49,674 - single - INFO - 返回值为：{'stateCode': 200, 'stateMsg': 'OK', 'data': {'pictureUrl': '/tutu/system/20200414160649567_495445.jpg', 'thumbnailPictureUrl': '/tutu/system/20200414160649567_495445.jpg_240x360.jpg', 'standardPictureUrl': '', 'pictureName': 'T0334G_02.jpg', 'pictureWidth': 600, 'pictureHeight': 900, 'stateMsg': '', 'taskId': ''}}
2020-04-14 16:06:49,675 - single - INFO - 请求参数为{'targetid': '4305685b17aa11e9b53f005056ad4128', 'sizes': '240x360', 'proportion': True}
2020-04-14 16:06:50,953 - single - INFO - 返回值为：{'stateCode': 200, 'stateMsg': 'OK', 'data': {'pictureUrl': '/tutu/system/20200414160650887_971898.jpg', 'thumbnailPictureUrl': '/tutu/system/20200414160650887_971898.jpg_240x360.jpg', 'standardPictureUrl': '', 'pictureName': 'T0334G_03.jpg', 'pictureWidth': 600, 'pictureHeight': 900, 'stateMsg': '', 'taskId': ''}}
2020-04-14 16:06:50,954 - single - INFO - 请求参数为{'targetid': '4305685b17aa11e9b53f005056ad4128', 'sizes': '240x360', 'proportion': True}
2020-04-14 16:06:51,625 - single - INFO - 返回值为：{'stateCode': 200, 'stateMsg': 'OK', 'data': {'pictureUrl': '/tutu/system/20200414160651575_582564.jpg', 'thumbnailPictureUrl': '/tutu/system/20200414160651575_582564.jpg_240x360.jpg', 'standardPictureUrl': '', 'pictureName': 'T0334G_04.jpg', 'pictureWidth': 600, 'pictureHeight': 900, 'stateMsg': '', 'taskId': ''}}
