2020-04-03 10:45:18,600 - ocweb - INFO - oc_web登录的url为：https://oc-api-uat.nailtutu.com/oauth/login
2020-04-03 10:45:18,600 - ocweb - INFO - 账号【admin@sunvalley.com.cn】开始登录oc_web......
2020-04-03 10:45:18,600 - ocweb - INFO - 请求的参数为:{'client_id': 'd6165bbf3d804c6196c0c6d7201de970', 'client_secret': '25f9e794323b453885f5181f1b624d0b', 'scope': 'all', 'grant_type': 'password', 'email': 'admin@sunvalley.com.cn', 'password': '7d3b32520a0dfa5b64055b1c1a0981d1', 'auth_type': 'email_password'}
2020-04-03 10:45:18,812 - ocweb - INFO - 返回的参数为:{'stateCode': 200, 'stateMsg': 'OK', 'data': {'access_token': '5cb77bf7-75f0-4664-b6f9-f879e5e341af', 'token_type': 'bearer', 'refresh_token': '147b452b-0d12-4e65-b28e-54ecb1ccf1dd', 'expires_in': 24904, 'scope': 'all'}}
2020-04-03 10:45:18,816 - single - INFO - 上传-单图(缩略图自适应版)的URL为:https://oc-api-uat.nailtutu.com/file/picture-upload/single?timeStamp=20200403104518&access_token=5cb77bf7-75f0-4664-b6f9-f879e5e341af
2020-04-03 10:45:18,817 - single - INFO - 请求参数为{'targetid': '4305685b17aa11e9b53f005056ad4128', 'sizes': '240x360', 'with': 360, 'height': 360, 'dpi': 120, 'quality': 0.95, 'proportion': 3}
2020-04-03 10:45:19,224 - single - INFO - 返回值为：{'stateCode': 200, 'stateMsg': 'OK', 'data': {'pictureUrl': '/tutu/system/20200403104519161_627355.jpg', 'thumbnailPictureUrl': '/tutu/system/20200403104519161_627355.jpg_360x360.jpg', 'standardPictureUrl': '', 'pictureName': 'T336F_yanyanghuakai501.jpg', 'pictureWidth': 501, 'pictureHeight': 501, 'stateMsg': '', 'taskId': ''}}
2020-04-03 10:45:19,226 - single - INFO - 请求参数为{'targetid': '4305685b17aa11e9b53f005056ad4128', 'sizes': '240x360', 'with': 500, 'height': 500, 'dpi': 120, 'quality': 0.95, 'proportion': 3}
2020-04-03 10:45:20,008 - single - INFO - 返回值为：{'stateCode': 200, 'stateMsg': 'OK', 'data': {'pictureUrl': '/tutu/system/20200403104519910_690307.jpg', 'thumbnailPictureUrl': '/tutu/system/20200403104519910_690307.jpg_500x500.jpg', 'standardPictureUrl': '', 'pictureName': 'T336F_yanyanghuakai1125.jpg', 'pictureWidth': 1125, 'pictureHeight': 1125, 'stateMsg': '', 'taskId': ''}}
2020-04-03 10:45:20,011 - single - INFO - 请求参数为{'targetid': '4305685b17aa11e9b53f005056ad4128', 'sizes': '240x360', 'proportion': True}
2020-04-03 10:45:21,485 - single - INFO - 返回值为：{'stateCode': 200, 'stateMsg': 'OK', 'data': {'pictureUrl': '/tutu/system/20200403104521413_472542.jpg', 'thumbnailPictureUrl': '/tutu/system/20200403104521413_472542.jpg_240x360.jpg', 'standardPictureUrl': '', 'pictureName': 'T336F_01.jpg', 'pictureWidth': 600, 'pictureHeight': 900, 'stateMsg': '', 'taskId': ''}}
2020-04-03 10:45:21,486 - single - INFO - 请求参数为{'targetid': '4305685b17aa11e9b53f005056ad4128', 'sizes': '240x360', 'proportion': True}
2020-04-03 10:45:22,707 - single - INFO - 返回值为：{'stateCode': 200, 'stateMsg': 'OK', 'data': {'pictureUrl': '/tutu/system/20200403104522643_796135.jpg', 'thumbnailPictureUrl': '/tutu/system/20200403104522643_796135.jpg_240x360.jpg', 'standardPictureUrl': '', 'pictureName': 'T336F_02.jpg', 'pictureWidth': 600, 'pictureHeight': 900, 'stateMsg': '', 'taskId': ''}}
2020-04-03 10:45:22,708 - single - INFO - 请求参数为{'targetid': '4305685b17aa11e9b53f005056ad4128', 'sizes': '240x360', 'proportion': True}
2020-04-03 10:45:23,985 - single - INFO - 返回值为：{'stateCode': 200, 'stateMsg': 'OK', 'data': {'pictureUrl': '/tutu/system/20200403104523884_539497.jpg', 'thumbnailPictureUrl': '/tutu/system/20200403104523884_539497.jpg_240x360.jpg', 'standardPictureUrl': '', 'pictureName': 'T336F_03.jpg', 'pictureWidth': 600, 'pictureHeight': 900, 'stateMsg': '', 'taskId': ''}}
2020-04-03 10:45:23,986 - single - INFO - 请求参数为{'targetid': '4305685b17aa11e9b53f005056ad4128', 'sizes': '240x360', 'proportion': True}
2020-04-03 10:45:25,193 - single - INFO - 返回值为：{'stateCode': 200, 'stateMsg': 'OK', 'data': {'pictureUrl': '/tutu/system/20200403104525087_510983.jpg', 'thumbnailPictureUrl': '/tutu/system/20200403104525087_510983.jpg_240x360.jpg', 'standardPictureUrl': '', 'pictureName': 'T336F_04.jpg', 'pictureWidth': 600, 'pictureHeight': 900, 'stateMsg': '', 'taskId': ''}}
2020-04-03 10:45:51,632 - ocweb - INFO - oc_web登录的url为：https://oc-api-uat.nailtutu.com/oauth/login
2020-04-03 10:45:51,632 - ocweb - INFO - 账号【admin@sunvalley.com.cn】开始登录oc_web......
2020-04-03 10:45:51,632 - ocweb - INFO - 请求的参数为:{'client_id': 'd6165bbf3d804c6196c0c6d7201de970', 'client_secret': '25f9e794323b453885f5181f1b624d0b', 'scope': 'all', 'grant_type': 'password', 'email': 'admin@sunvalley.com.cn', 'password': '7d3b32520a0dfa5b64055b1c1a0981d1', 'auth_type': 'email_password'}
2020-04-03 10:45:51,853 - ocweb - INFO - 返回的参数为:{'stateCode': 200, 'stateMsg': 'OK', 'data': {'access_token': '5cb77bf7-75f0-4664-b6f9-f879e5e341af', 'token_type': 'bearer', 'refresh_token': '147b452b-0d12-4e65-b28e-54ecb1ccf1dd', 'expires_in': 24871, 'scope': 'all'}}
2020-04-03 10:45:51,857 - single - INFO - 上传-单图(缩略图自适应版)的URL为:https://oc-api-uat.nailtutu.com/file/picture-upload/single?timeStamp=20200403104551&access_token=5cb77bf7-75f0-4664-b6f9-f879e5e341af
2020-04-03 10:45:51,857 - single - INFO - 请求参数为{'targetid': '4305685b17aa11e9b53f005056ad4128', 'sizes': '240x360', 'with': 360, 'height': 360, 'dpi': 120, 'quality': 0.95, 'proportion': 3}
2020-04-03 10:45:52,296 - single - INFO - 返回值为：{'stateCode': 200, 'stateMsg': 'OK', 'data': {'pictureUrl': '/tutu/system/20200403104552209_544322.jpg', 'thumbnailPictureUrl': '/tutu/system/20200403104552209_544322.jpg_360x360.jpg', 'standardPictureUrl': '', 'pictureName': 'T336F_yanyanghuakai666.jpg', 'pictureWidth': 501, 'pictureHeight': 666, 'stateMsg': '', 'taskId': ''}}
2020-04-03 10:45:52,297 - single - INFO - 请求参数为{'targetid': '4305685b17aa11e9b53f005056ad4128', 'sizes': '240x360', 'with': 500, 'height': 500, 'dpi': 120, 'quality': 0.95, 'proportion': 3}
2020-04-03 10:45:53,096 - single - INFO - 返回值为：{'stateCode': 200, 'stateMsg': 'OK', 'data': {'pictureUrl': '/tutu/system/20200403104553005_892547.jpg', 'thumbnailPictureUrl': '/tutu/system/20200403104553005_892547.jpg_500x500.jpg', 'standardPictureUrl': '', 'pictureName': 'T336F_yanyanghuakai1125.jpg', 'pictureWidth': 1125, 'pictureHeight': 1125, 'stateMsg': '', 'taskId': ''}}
2020-04-03 10:45:53,099 - single - INFO - 请求参数为{'targetid': '4305685b17aa11e9b53f005056ad4128', 'sizes': '240x360', 'proportion': True}
2020-04-03 10:45:54,434 - single - INFO - 返回值为：{'stateCode': 200, 'stateMsg': 'OK', 'data': {'pictureUrl': '/tutu/system/20200403104554375_375201.jpg', 'thumbnailPictureUrl': '/tutu/system/20200403104554375_375201.jpg_240x360.jpg', 'standardPictureUrl': '', 'pictureName': 'T336F_01.jpg', 'pictureWidth': 600, 'pictureHeight': 900, 'stateMsg': '', 'taskId': ''}}
2020-04-03 10:45:54,435 - single - INFO - 请求参数为{'targetid': '4305685b17aa11e9b53f005056ad4128', 'sizes': '240x360', 'proportion': True}
2020-04-03 10:45:55,667 - single - INFO - 返回值为：{'stateCode': 200, 'stateMsg': 'OK', 'data': {'pictureUrl': '/tutu/system/20200403104555609_899419.jpg', 'thumbnailPictureUrl': '/tutu/system/20200403104555609_899419.jpg_240x360.jpg', 'standardPictureUrl': '', 'pictureName': 'T336F_02.jpg', 'pictureWidth': 600, 'pictureHeight': 900, 'stateMsg': '', 'taskId': ''}}
2020-04-03 10:45:55,668 - single - INFO - 请求参数为{'targetid': '4305685b17aa11e9b53f005056ad4128', 'sizes': '240x360', 'proportion': True}
2020-04-03 10:45:56,891 - single - INFO - 返回值为：{'stateCode': 200, 'stateMsg': 'OK', 'data': {'pictureUrl': '/tutu/system/20200403104556838_240329.jpg', 'thumbnailPictureUrl': '/tutu/system/20200403104556838_240329.jpg_240x360.jpg', 'standardPictureUrl': '', 'pictureName': 'T336F_03.jpg', 'pictureWidth': 600, 'pictureHeight': 900, 'stateMsg': '', 'taskId': ''}}
2020-04-03 10:45:56,892 - single - INFO - 请求参数为{'targetid': '4305685b17aa11e9b53f005056ad4128', 'sizes': '240x360', 'proportion': True}
2020-04-03 10:45:58,044 - single - INFO - 返回值为：{'stateCode': 200, 'stateMsg': 'OK', 'data': {'pictureUrl': '/tutu/system/20200403104557989_051609.jpg', 'thumbnailPictureUrl': '/tutu/system/20200403104557989_051609.jpg_240x360.jpg', 'standardPictureUrl': '', 'pictureName': 'T336F_04.jpg', 'pictureWidth': 600, 'pictureHeight': 900, 'stateMsg': '', 'taskId': ''}}
