2020-04-14 16:10:54,343 - ocweb - INFO - oc_web登录的url为：https://oc-api-uat.nailtutu.com/oauth/login
2020-04-14 16:10:54,343 - ocweb - INFO - 账号【admin@sunvalley.com.cn】开始登录oc_web......
2020-04-14 16:10:54,343 - ocweb - INFO - 请求的参数为:{'client_id': 'd6165bbf3d804c6196c0c6d7201de970', 'client_secret': '25f9e794323b453885f5181f1b624d0b', 'scope': 'all', 'grant_type': 'password', 'email': 'admin@sunvalley.com.cn', 'password': '7d3b32520a0dfa5b64055b1c1a0981d1', 'auth_type': 'email_password'}
2020-04-14 16:10:54,514 - ocweb - INFO - 返回的参数为:{'stateCode': 200, 'stateMsg': 'OK', 'data': {'access_token': '657b8a43-991c-4c41-8a39-f7dc4e8900ef', 'token_type': 'bearer', 'refresh_token': '4d3ac373-a32c-4519-ac8b-b7491c14173f', 'expires_in': 12764, 'scope': 'all'}}
2020-04-14 16:10:54,516 - queryTagInfo - INFO - url为:https://oc-api-uat.nailtutu.com/oc/tOcTagInfo/queryTagInfo?access_token=657b8a43-991c-4c41-8a39-f7dc4e8900ef&lang=zh&timeStamp=20200414161054
2020-04-14 16:10:54,517 - queryTagInfo - INFO - 请求的参数为:{'tagName': 'ins风', 'currentPage': 1, 'pageSize': 100, 'orderBy': 'sort_number DESC,modify_time DESC', 'beginDate': None, 'endDate': None}
2020-04-14 16:10:54,668 - queryTagInfo - INFO - 返回的参数为:{'stateCode': 200, 'stateMsg': 'OK', 'currentPage': 1, 'pageSize': 100, 'totalNum': 1, 'totalPage': 1, 'data': [{'id': 'f065f067331241f3b79554d6d8ea72f0', 'tagName': 'ins风', 'tagDescribe': '', 'sortNumber': 0, 'tagStatus': 2, 'creatorId': '0463372db7ce402ab6f99574cc4d8d09', 'creatorName': 'admin@sunvalley.com.cn', 'createTime': '2020-04-07T06:10:44.000+0000', 'modifierId': '0463372db7ce402ab6f99574cc4d8d09', 'modifierName': 'admin@sunvalley.com.cn', 'modifyTime': '2020-04-07T06:53:25.000+0000', 'recordState': 0, 'tagType': 1, 'pictureTotal': 0}]}
2020-04-14 16:10:54,670 - single - INFO - 上传-单图(缩略图自适应版)的URL为:https://oc-api-uat.nailtutu.com/file/picture-upload/single?timeStamp=20200414161054&access_token=657b8a43-991c-4c41-8a39-f7dc4e8900ef
2020-04-14 16:10:54,670 - single - INFO - 请求参数为{'targetid': '4305685b17aa11e9b53f005056ad4128', 'sizes': '240x360', 'proportion': True}
2020-04-14 16:10:55,612 - single - INFO - 返回值为：{'stateCode': 200, 'stateMsg': 'OK', 'data': {'pictureUrl': '/tutu/system/20200414161055534_354884.jpg', 'thumbnailPictureUrl': '/tutu/system/20200414161055534_354884.jpg_240x360.jpg', 'standardPictureUrl': '', 'pictureName': 'T0011G_01.jpg', 'pictureWidth': 600, 'pictureHeight': 900, 'stateMsg': '', 'taskId': ''}}
2020-04-14 16:10:55,613 - single - INFO - 请求参数为{'targetid': '4305685b17aa11e9b53f005056ad4128', 'sizes': '240x360', 'proportion': True}
2020-04-14 16:10:56,796 - single - INFO - 返回值为：{'stateCode': 200, 'stateMsg': 'OK', 'data': {'pictureUrl': '/tutu/system/20200414161056735_211739.jpg', 'thumbnailPictureUrl': '/tutu/system/20200414161056735_211739.jpg_240x360.jpg', 'standardPictureUrl': '', 'pictureName': 'T0011G_02.jpg', 'pictureWidth': 600, 'pictureHeight': 900, 'stateMsg': '', 'taskId': ''}}
2020-04-14 16:10:56,798 - single - INFO - 请求参数为{'targetid': '4305685b17aa11e9b53f005056ad4128', 'sizes': '240x360', 'proportion': True}
2020-04-14 16:10:57,751 - single - INFO - 返回值为：{'stateCode': 200, 'stateMsg': 'OK', 'data': {'pictureUrl': '/tutu/system/20200414161057692_832389.jpg', 'thumbnailPictureUrl': '/tutu/system/20200414161057692_832389.jpg_240x360.jpg', 'standardPictureUrl': '', 'pictureName': 'T0011G_03.jpg', 'pictureWidth': 600, 'pictureHeight': 900, 'stateMsg': '', 'taskId': ''}}
2020-04-14 16:10:57,755 - queryTagInfo - INFO - url为:https://oc-api-uat.nailtutu.com/oc/tOcTagInfo/queryTagInfo?access_token=657b8a43-991c-4c41-8a39-f7dc4e8900ef&lang=zh&timeStamp=20200414161057
2020-04-14 16:10:57,755 - queryTagInfo - INFO - 请求的参数为:{'tagName': '卡通类', 'currentPage': 1, 'pageSize': 100, 'orderBy': 'sort_number DESC,modify_time DESC', 'beginDate': None, 'endDate': None}
2020-04-14 16:10:57,921 - queryTagInfo - INFO - 返回的参数为:{'stateCode': 200, 'stateMsg': 'OK', 'currentPage': 1, 'pageSize': 100, 'totalNum': 1, 'totalPage': 1, 'data': [{'id': 'b9b01b0d91904aa0b30ce22fef64d4fe', 'tagName': '卡通类', 'tagDescribe': '', 'sortNumber': 0, 'tagStatus': 2, 'creatorId': '0463372db7ce402ab6f99574cc4d8d09', 'creatorName': 'admin@sunvalley.com.cn', 'createTime': '2020-04-14T07:40:10.000+0000', 'modifierId': '0463372db7ce402ab6f99574cc4d8d09', 'modifierName': 'admin@sunvalley.com.cn', 'modifyTime': '2020-04-14T07:40:10.000+0000', 'recordState': 0, 'tagType': 1, 'pictureTotal': 0}]}
2020-04-14 16:10:57,923 - single - INFO - 上传-单图(缩略图自适应版)的URL为:https://oc-api-uat.nailtutu.com/file/picture-upload/single?timeStamp=20200414161057&access_token=657b8a43-991c-4c41-8a39-f7dc4e8900ef
2020-04-14 16:10:57,923 - single - INFO - 请求参数为{'targetid': '4305685b17aa11e9b53f005056ad4128', 'sizes': '240x360', 'proportion': True}
2020-04-14 16:10:58,383 - single - INFO - 返回值为：{'stateCode': 200, 'stateMsg': 'OK', 'data': {'pictureUrl': '/tutu/system/20200414161058347_608775.jpg', 'thumbnailPictureUrl': '/tutu/system/20200414161058347_608775.jpg_240x360.jpg', 'standardPictureUrl': '', 'pictureName': 'T0102C_01.jpg', 'pictureWidth': 600, 'pictureHeight': 900, 'stateMsg': '', 'taskId': ''}}
2020-04-14 16:10:58,385 - single - INFO - 请求参数为{'targetid': '4305685b17aa11e9b53f005056ad4128', 'sizes': '240x360', 'proportion': True}
2020-04-14 16:11:00,730 - single - INFO - 返回值为：{'stateCode': 200, 'stateMsg': 'OK', 'data': {'pictureUrl': '/tutu/system/20200414161100672_412008.jpg', 'thumbnailPictureUrl': '/tutu/system/20200414161100672_412008.jpg_240x360.jpg', 'standardPictureUrl': '', 'pictureName': 'T0103C_02.jpg', 'pictureWidth': 600, 'pictureHeight': 900, 'stateMsg': '', 'taskId': ''}}
2020-04-14 16:11:00,731 - single - INFO - 请求参数为{'targetid': '4305685b17aa11e9b53f005056ad4128', 'sizes': '240x360', 'proportion': True}
2020-04-14 16:11:03,377 - single - INFO - 返回值为：{'stateCode': 200, 'stateMsg': 'OK', 'data': {'pictureUrl': '/tutu/system/20200414161103321_333406.jpg', 'thumbnailPictureUrl': '/tutu/system/20200414161103321_333406.jpg_240x360.jpg', 'standardPictureUrl': '', 'pictureName': 'T0103C_03.jpg', 'pictureWidth': 600, 'pictureHeight': 900, 'stateMsg': '', 'taskId': ''}}
2020-04-14 16:11:03,379 - single - INFO - 请求参数为{'targetid': '4305685b17aa11e9b53f005056ad4128', 'sizes': '240x360', 'proportion': True}
2020-04-14 16:11:03,895 - single - INFO - 返回值为：{'stateCode': 200, 'stateMsg': 'OK', 'data': {'pictureUrl': '/tutu/system/20200414161103855_074096.jpg', 'thumbnailPictureUrl': '/tutu/system/20200414161103855_074096.jpg_240x360.jpg', 'standardPictureUrl': '', 'pictureName': 'T0103C_04.jpg', 'pictureWidth': 600, 'pictureHeight': 900, 'stateMsg': '', 'taskId': ''}}
2020-04-14 16:11:03,897 - single - INFO - 请求参数为{'targetid': '4305685b17aa11e9b53f005056ad4128', 'sizes': '240x360', 'proportion': True}
2020-04-14 16:11:04,459 - single - INFO - 返回值为：{'stateCode': 200, 'stateMsg': 'OK', 'data': {'pictureUrl': '/tutu/system/20200414161104423_069901.jpg', 'thumbnailPictureUrl': '/tutu/system/20200414161104423_069901.jpg_240x360.jpg', 'standardPictureUrl': '', 'pictureName': 'T0205C_04.jpg', 'pictureWidth': 600, 'pictureHeight': 900, 'stateMsg': '', 'taskId': ''}}
2020-04-14 16:11:04,460 - single - INFO - 请求参数为{'targetid': '4305685b17aa11e9b53f005056ad4128', 'sizes': '240x360', 'proportion': True}
2020-04-14 16:11:05,323 - single - INFO - 返回值为：{'stateCode': 200, 'stateMsg': 'OK', 'data': {'pictureUrl': '/tutu/system/20200414161105138_932786.jpg', 'thumbnailPictureUrl': '/tutu/system/20200414161105138_932786.jpg_240x360.jpg', 'standardPictureUrl': '', 'pictureName': 'T0424C_01.jpg', 'pictureWidth': 600, 'pictureHeight': 900, 'stateMsg': '', 'taskId': ''}}
2020-04-14 16:11:05,324 - single - INFO - 请求参数为{'targetid': '4305685b17aa11e9b53f005056ad4128', 'sizes': '240x360', 'proportion': True}
2020-04-14 16:11:05,793 - single - INFO - 返回值为：{'stateCode': 200, 'stateMsg': 'OK', 'data': {'pictureUrl': '/tutu/system/20200414161105752_289287.jpg', 'thumbnailPictureUrl': '/tutu/system/20200414161105752_289287.jpg_240x360.jpg', 'standardPictureUrl': '', 'pictureName': 'T0424C_02.jpg', 'pictureWidth': 600, 'pictureHeight': 900, 'stateMsg': '', 'taskId': ''}}
2020-04-14 16:11:05,796 - single - INFO - 请求参数为{'targetid': '4305685b17aa11e9b53f005056ad4128', 'sizes': '240x360', 'proportion': True}
2020-04-14 16:11:06,444 - single - INFO - 返回值为：{'stateCode': 200, 'stateMsg': 'OK', 'data': {'pictureUrl': '/tutu/system/20200414161106388_485615.jpg', 'thumbnailPictureUrl': '/tutu/system/20200414161106388_485615.jpg_240x360.jpg', 'standardPictureUrl': '', 'pictureName': 'T0424C_03.jpg', 'pictureWidth': 600, 'pictureHeight': 900, 'stateMsg': '', 'taskId': ''}}
2020-04-14 16:11:06,447 - queryTagInfo - INFO - url为:https://oc-api-uat.nailtutu.com/oc/tOcTagInfo/queryTagInfo?access_token=657b8a43-991c-4c41-8a39-f7dc4e8900ef&lang=zh&timeStamp=20200414161106
2020-04-14 16:11:06,448 - queryTagInfo - INFO - 请求的参数为:{'tagName': '基础款', 'currentPage': 1, 'pageSize': 100, 'orderBy': 'sort_number DESC,modify_time DESC', 'beginDate': None, 'endDate': None}
2020-04-14 16:11:06,600 - queryTagInfo - INFO - 返回的参数为:{'stateCode': 200, 'stateMsg': 'OK', 'currentPage': 1, 'pageSize': 100, 'totalNum': 1, 'totalPage': 1, 'data': [{'id': 'd432fa990c7342b8939ebcdf6675ffa6', 'tagName': '基础款', 'tagDescribe': '', 'sortNumber': 0, 'tagStatus': 2, 'creatorId': '0463372db7ce402ab6f99574cc4d8d09', 'creatorName': 'admin@sunvalley.com.cn', 'createTime': '2020-04-07T02:46:25.000+0000', 'modifierId': '0463372db7ce402ab6f99574cc4d8d09', 'modifierName': 'admin@sunvalley.com.cn', 'modifyTime': '2020-04-07T02:46:25.000+0000', 'recordState': 0, 'tagType': 1, 'pictureTotal': 7}]}
2020-04-14 16:11:06,600 - single - INFO - 上传-单图(缩略图自适应版)的URL为:https://oc-api-uat.nailtutu.com/file/picture-upload/single?timeStamp=20200414161106&access_token=657b8a43-991c-4c41-8a39-f7dc4e8900ef
2020-04-14 16:11:06,601 - single - INFO - 请求参数为{'targetid': '4305685b17aa11e9b53f005056ad4128', 'sizes': '240x360', 'proportion': True}
2020-04-14 16:11:07,790 - single - INFO - 返回值为：{'stateCode': 200, 'stateMsg': 'OK', 'data': {'pictureUrl': '/tutu/system/20200414161107733_361585.jpg', 'thumbnailPictureUrl': '/tutu/system/20200414161107733_361585.jpg_240x360.jpg', 'standardPictureUrl': '', 'pictureName': 'T0334G_02.jpg', 'pictureWidth': 600, 'pictureHeight': 900, 'stateMsg': '', 'taskId': ''}}
2020-04-14 16:11:07,791 - single - INFO - 请求参数为{'targetid': '4305685b17aa11e9b53f005056ad4128', 'sizes': '240x360', 'proportion': True}
2020-04-14 16:11:09,034 - single - INFO - 返回值为：{'stateCode': 200, 'stateMsg': 'OK', 'data': {'pictureUrl': '/tutu/system/20200414161108976_552697.jpg', 'thumbnailPictureUrl': '/tutu/system/20200414161108976_552697.jpg_240x360.jpg', 'standardPictureUrl': '', 'pictureName': 'T0334G_03.jpg', 'pictureWidth': 600, 'pictureHeight': 900, 'stateMsg': '', 'taskId': ''}}
2020-04-14 16:11:09,036 - single - INFO - 请求参数为{'targetid': '4305685b17aa11e9b53f005056ad4128', 'sizes': '240x360', 'proportion': True}
2020-04-14 16:11:09,727 - single - INFO - 返回值为：{'stateCode': 200, 'stateMsg': 'OK', 'data': {'pictureUrl': '/tutu/system/20200414161109663_046493.jpg', 'thumbnailPictureUrl': '/tutu/system/20200414161109663_046493.jpg_240x360.jpg', 'standardPictureUrl': '', 'pictureName': 'T0334G_04.jpg', 'pictureWidth': 600, 'pictureHeight': 900, 'stateMsg': '', 'taskId': ''}}
